C:\Users\HTHT\miniconda3\envs\machaoyangNLP\python.exe D:\Projects\machaoyangNLP\algorithm\src\package_peft\examples\sequence_classification\LoRA.py
Downloading builder script: 100%|██████████| 28.8k/28.8k [00:00<00:00, 4.79MB/s]
Downloading metadata: 100%|██████████| 28.7k/28.7k [00:00<00:00, 2.05MB/s]
Downloading readme: 100%|██████████| 27.9k/27.9k [00:00<00:00, 12.9MB/s]
Downloading and preparing dataset glue/mrpc to C:/Users/HTHT/.cache/huggingface/datasets/glue/mrpc/1.0.0/dacbe3125aa31d7f70367a07a8a9e72a5a0bfeb5fc42e75c9db75b96da6053ad...
Downloading data files:   0%|          | 0/3 [00:00<?, ?it/s]
Downloading data: 6.22kB [00:00, 3.06MB/s]
Downloading data files:  33%|███▎      | 1/3 [00:02<00:04,  2.05s/it]
Downloading data: 0.00B [00:00, ?B/s]
Downloading data: 91.5kB [00:00, 874kB/s]
Downloading data: 327kB [00:00, 1.61MB/s]
Downloading data: 1.05MB [00:00, 2.56MB/s]
Downloading data files:  67%|██████▋   | 2/3 [00:04<00:02,  2.11s/it]
Downloading data: 0.00B [00:00, ?B/s]
Downloading data: 138kB [00:00, 1.28MB/s]
Downloading data: 441kB [00:00, 2.10MB/s]
Downloading data files: 100%|██████████| 3/3 [00:06<00:00,  2.06s/it]
100%|██████████| 3/3 [00:00<00:00, 376.76it/s]
Dataset glue downloaded and prepared to C:/Users/HTHT/.cache/huggingface/datasets/glue/mrpc/1.0.0/dacbe3125aa31d7f70367a07a8a9e72a5a0bfeb5fc42e75c9db75b96da6053ad. Subsequent calls will reuse this data.
Downloading builder script: 100%|██████████| 5.75k/5.75k [00:00<00:00, 2.81MB/s]
Map:   0%|          | 0/3668 [00:00<?, ? examples/s]Asking to truncate to max_length but no maximum length is provided and the model has no predefined maximum length. Default to no truncation.
  0%|          | 0/115 [00:00<?, ?it/s]You're using a BertTokenizerFast tokenizer. Please note that with a fast tokenizer, using the `__call__` method is faster than using a method to encode the text followed by a call to the `pad` method to get a padded encoding.
trainable params: 297988 || all params: 102565636 || trainable%: 0.29053395622682043
100%|██████████| 115/115 [38:23<00:00, 20.03s/it]
100%|██████████| 13/13 [02:02<00:00,  9.41s/it]
epoch 0: {'accuracy': 0.6838235294117647, 'f1': 0.8122270742358079}
  0%|          | 0/115 [00:00<?, ?it/s]